<testsuite name="Mocha Tests" tests="18" failures="0" errors="0" skipped="0" timestamp="Wed, 23 Jan 2019 07:02:20 GMT" time="0.973">
<testcase classname="POST /add" name="shoud response text with responceCode200." time="0.314"/>
<testcase classname="GET /addend" name="shoud response text with responceCode200." time="0.066"/>
<testcase classname="GET /adderr" name="shoud response text with responceCode200." time="0.038"/>
<testcase classname="POST /addreq" name="shoud response text with responceCode200." time="0.05"/>
<testcase classname="POST /del" name="shoud response text with responceCode200." time="0.051"/>
<testcase classname="GET /delend" name="shoud response text with responceCode200." time="0.059"/>
<testcase classname="GET /delerr1" name="shoud response text with responceCode200." time="0.057"/>
<testcase classname="GET /delerr2" name="shoud response text with responceCode200." time="0.046"/>
<testcase classname="GET /delerr3" name="shoud response text with responceCode200." time="0.025"/>
<testcase classname="POST /delreq" name="shoud response text with responceCode200." time="0.023"/>
<testcase classname="GET /" name="shoud response text with responceCode200." time="0.025"/>
<testcase classname="POST /login" name="shoud response text with responceCode200." time="0.022"/>
<testcase classname="POST /logout" name="shoud response text with responceCode200." time="0.025"/>
<testcase classname="GET /ref" name="shoud response text with responceCode200." time="0.017"/>
<testcase classname="GET /refend" name="shoud response text with responceCode200." time="0.039"/>
<testcase classname="GET /referr1" name="shoud response text with responceCode200." time="0.039"/>
<testcase classname="GET /referr2" name="shoud response text with responceCode200." time="0.031"/>
<testcase classname="GET /refreq" name="shoud response text with responceCode200." time="0.023"/>
</testsuite>
