<testsuite name="Mocha Tests" tests="18" failures="2" errors="2" skipped="0" timestamp="Wed, 09 Jan 2019 03:36:37 GMT" time="5.364">
<testcase classname="POST /add" name="shoud response text with responceCode200." time="2.003"><failure>Timeout of 2000ms exceeded. For async tests and hooks, ensure &#x22;done()&#x22; is called; if returning a Promise, ensure it resolves.
Error: Timeout of 2000ms exceeded. For async tests and hooks, ensure &#x22;done()&#x22; is called; if returning a Promise, ensure it resolves.</failure></testcase>
<testcase classname="GET /addend" name="shoud response text with responceCode200." time="0.601"/>
<testcase classname="GET /adderr" name="shoud response text with responceCode200." time="0.069"/>
<testcase classname="POST /addreq" name="shoud response text with responceCode200." time="0.049"/>
<testcase classname="POST /del" name="shoud response text with responceCode200." time="0.08"/>
<testcase classname="GET /delend" name="shoud response text with responceCode200." time="0.071"/>
<testcase classname="GET /delerr1" name="shoud response text with responceCode200." time="0.031"/>
<testcase classname="GET /delerr2" name="shoud response text with responceCode200." time="0.078"/>
<testcase classname="GET /delerr3" name="shoud response text with responceCode200." time="0.074"/>
<testcase classname="POST /delreq" name="shoud response text with responceCode200." time="0.021"/>
<testcase classname="GET /" name="shoud response text with responceCode200." time="0.042"/>
<testcase classname="POST /login" name="shoud response text with responceCode200." time="0.031"/>
<testcase classname="POST /logout" name="shoud response text with responceCode200." time="0.029"/>
<testcase classname="GET /ref" name="shoud response text with responceCode200." time="0.026"/>
<testcase classname="GET /refend" name="shoud response text with responceCode200." time="0.031"/>
<testcase classname="GET /referr1" name="shoud response text with responceCode200." time="2.002"><failure>Timeout of 2000ms exceeded. For async tests and hooks, ensure &#x22;done()&#x22; is called; if returning a Promise, ensure it resolves.
Error: Timeout of 2000ms exceeded. For async tests and hooks, ensure &#x22;done()&#x22; is called; if returning a Promise, ensure it resolves.</failure></testcase>
<testcase classname="GET /referr2" name="shoud response text with responceCode200." time="0.051"/>
<testcase classname="GET /refreq" name="shoud response text with responceCode200." time="0.054"/>
</testsuite>
