<testsuite name="Mocha Tests" tests="21" failures="0" errors="0" skipped="0" timestamp="Wed, 23 Jan 2019 09:20:34 GMT" time="1.21">
<testcase classname="POST /add" name="shoud response text with responceCode200." time="0.413"/>
<testcase classname="GET /addend" name="shoud response text with responceCode200." time="0.068"/>
<testcase classname="GET /adderr" name="shoud response text with responceCode200." time="0.051"/>
<testcase classname="POST /addreq" name="shoud response text with responceCode200." time="0.07"/>
<testcase classname="POST /authenticate" name="shoud response text with responceCode200." time="0.06"/>
<testcase classname="POST /del" name="shoud response text with responceCode200." time="0.072"/>
<testcase classname="GET /delend" name="shoud response text with responceCode200." time="0.066"/>
<testcase classname="GET /delerr1" name="shoud response text with responceCode200." time="0.034"/>
<testcase classname="GET /delerr2" name="shoud response text with responceCode200." time="0.029"/>
<testcase classname="GET /delerr3" name="shoud response text with responceCode200." time="0.022"/>
<testcase classname="POST /delreq" name="shoud response text with responceCode200." time="0.017"/>
<testcase classname="GET /home" name="shoud response text with responceCode200." time="0.029"/>
<testcase classname="GET /" name="shoud response text with responceCode200." time="0.04"/>
<testcase classname="GET /login" name="shoud response text with responceCode200." time="0.031"/>
<testcase classname="GET /loginerr" name="shoud response text with responceCode200." time="0.041"/>
<testcase classname="POST /logout" name="shoud response text with responceCode200." time="0.022"/>
<testcase classname="GET /ref" name="shoud response text with responceCode200." time="0.039"/>
<testcase classname="GET /refend" name="shoud response text with responceCode200." time="0.02"/>
<testcase classname="GET /referr1" name="shoud response text with responceCode200." time="0.019"/>
<testcase classname="GET /referr2" name="shoud response text with responceCode200." time="0.034"/>
<testcase classname="GET /refreq" name="shoud response text with responceCode200." time="0.015"/>
</testsuite>
