<testsuite name="Mocha Tests" tests="21" failures="1" errors="1" skipped="0" timestamp="Thu, 24 Jan 2019 07:34:51 GMT" time="3.194">
<testcase classname="POST /add" name="shoud response text with responceCode200." time="0.343"/>
<testcase classname="GET /addend" name="shoud response text with responceCode200." time="0.061"/>
<testcase classname="GET /adderr" name="shoud response text with responceCode200." time="2.003"><failure>Timeout of 2000ms exceeded. For async tests and hooks, ensure &#x22;done()&#x22; is called; if returning a Promise, ensure it resolves.
Error: Timeout of 2000ms exceeded. For async tests and hooks, ensure &#x22;done()&#x22; is called; if returning a Promise, ensure it resolves.</failure></testcase>
<testcase classname="POST /addreq" name="shoud response text with responceCode200." time="0.068"/>
<testcase classname="POST /authenticate" name="shoud response text with responceCode200." time="0.075"/>
<testcase classname="POST /del" name="shoud response text with responceCode200." time="0.069"/>
<testcase classname="GET /delend" name="shoud response text with responceCode200." time="0.066"/>
<testcase classname="GET /delerr1" name="shoud response text with responceCode200." time="0.062"/>
<testcase classname="GET /delerr2" name="shoud response text with responceCode200." time="0.037"/>
<testcase classname="GET /delerr3" name="shoud response text with responceCode200." time="0.021"/>
<testcase classname="POST /delreq" name="shoud response text with responceCode200." time="0.04"/>
<testcase classname="GET /home" name="shoud response text with responceCode200." time="0.029"/>
<testcase classname="GET /" name="shoud response text with responceCode200." time="0.019"/>
<testcase classname="GET /login" name="shoud response text with responceCode200." time="0.037"/>
<testcase classname="GET /loginerr" name="shoud response text with responceCode200." time="0.039"/>
<testcase classname="POST /logout" name="shoud response text with responceCode200." time="0.033"/>
<testcase classname="GET /ref" name="shoud response text with responceCode200." time="0.024"/>
<testcase classname="GET /refend" name="shoud response text with responceCode200." time="0.046"/>
<testcase classname="GET /referr1" name="shoud response text with responceCode200." time="0.03"/>
<testcase classname="GET /referr2" name="shoud response text with responceCode200." time="0.038"/>
<testcase classname="GET /refreq" name="shoud response text with responceCode200." time="0.031"/>
</testsuite>
