<testsuite name="Mocha Tests" tests="18" failures="0" errors="0" skipped="0" timestamp="Mon, 16 Jul 2018 05:42:32 GMT" time="1.126">
<testcase classname="POST /add" name="shoud response text with responceCode200." time="0.392"/>
<testcase classname="GET /addend" name="shoud response text with responceCode200." time="0.078"/>
<testcase classname="GET /adderr" name="shoud response text with responceCode200." time="0.04"/>
<testcase classname="POST /addreq" name="shoud response text with responceCode200." time="0.08"/>
<testcase classname="POST /del" name="shoud response text with responceCode200." time="0.075"/>
<testcase classname="GET /delend" name="shoud response text with responceCode200." time="0.044"/>
<testcase classname="GET /delerr1" name="shoud response text with responceCode200." time="0.063"/>
<testcase classname="GET /delerr2" name="shoud response text with responceCode200." time="0.062"/>
<testcase classname="GET /delerr3" name="shoud response text with responceCode200." time="0.02"/>
<testcase classname="POST /delreq" name="shoud response text with responceCode200." time="0.027"/>
<testcase classname="GET /" name="shoud response text with responceCode200." time="0.017"/>
<testcase classname="POST /login" name="shoud response text with responceCode200." time="0.03"/>
<testcase classname="POST /logout" name="shoud response text with responceCode200." time="0.027"/>
<testcase classname="GET /ref" name="shoud response text with responceCode200." time="0.034"/>
<testcase classname="GET /refend" name="shoud response text with responceCode200." time="0.036"/>
<testcase classname="GET /referr1" name="shoud response text with responceCode200." time="0.035"/>
<testcase classname="GET /referr2" name="shoud response text with responceCode200." time="0.013"/>
<testcase classname="GET /refreq" name="shoud response text with responceCode200." time="0.039"/>
</testsuite>
