<testsuite name="Mocha Tests" tests="18" failures="0" errors="0" skipped="0" timestamp="Wed, 23 Jan 2019 06:37:44 GMT" time="1.146">
<testcase classname="POST /add" name="shoud response text with responceCode200." time="0.464"/>
<testcase classname="GET /addend" name="shoud response text with responceCode200." time="0.071"/>
<testcase classname="GET /adderr" name="shoud response text with responceCode200." time="0.04"/>
<testcase classname="POST /addreq" name="shoud response text with responceCode200." time="0.055"/>
<testcase classname="POST /del" name="shoud response text with responceCode200." time="0.064"/>
<testcase classname="GET /delend" name="shoud response text with responceCode200." time="0.067"/>
<testcase classname="GET /delerr1" name="shoud response text with responceCode200." time="0.036"/>
<testcase classname="GET /delerr2" name="shoud response text with responceCode200." time="0.049"/>
<testcase classname="GET /delerr3" name="shoud response text with responceCode200." time="0.025"/>
<testcase classname="POST /delreq" name="shoud response text with responceCode200." time="0.03"/>
<testcase classname="GET /" name="shoud response text with responceCode200." time="0.043"/>
<testcase classname="POST /login" name="shoud response text with responceCode200." time="0.036"/>
<testcase classname="POST /logout" name="shoud response text with responceCode200." time="0.014"/>
<testcase classname="GET /ref" name="shoud response text with responceCode200." time="0.033"/>
<testcase classname="GET /refend" name="shoud response text with responceCode200." time="0.017"/>
<testcase classname="GET /referr1" name="shoud response text with responceCode200." time="0.031"/>
<testcase classname="GET /referr2" name="shoud response text with responceCode200." time="0.028"/>
<testcase classname="GET /refreq" name="shoud response text with responceCode200." time="0.023"/>
</testsuite>
