<testsuite name="Mocha Tests" tests="21" failures="2" errors="2" skipped="0" timestamp="Thu, 24 Jan 2019 07:50:35 GMT" time="5.354">
<testcase classname="POST /add" name="shoud response text with responceCode200." time="0.505"/>
<testcase classname="GET /addend" name="shoud response text with responceCode200." time="0.061"/>
<testcase classname="GET /adderr" name="shoud response text with responceCode200." time="2.002"><failure>Timeout of 2000ms exceeded. For async tests and hooks, ensure &#x22;done()&#x22; is called; if returning a Promise, ensure it resolves.
Error: Timeout of 2000ms exceeded. For async tests and hooks, ensure &#x22;done()&#x22; is called; if returning a Promise, ensure it resolves.</failure></testcase>
<testcase classname="POST /addreq" name="shoud response text with responceCode200." time="0.084"/>
<testcase classname="POST /authenticate" name="shoud response text with responceCode200." time="0.073"/>
<testcase classname="POST /del" name="shoud response text with responceCode200." time="0.074"/>
<testcase classname="GET /delend" name="shoud response text with responceCode200." time="0.096"/>
<testcase classname="GET /delerr1" name="shoud response text with responceCode200." time="0.072"/>
<testcase classname="GET /delerr2" name="shoud response text with responceCode200." time="0.028"/>
<testcase classname="GET /delerr3" name="shoud response text with responceCode200." time="0.029"/>
<testcase classname="POST /delreq" name="shoud response text with responceCode200." time="0.018"/>
<testcase classname="GET /home" name="shoud response text with responceCode200." time="0.02"/>
<testcase classname="GET /" name="shoud response text with responceCode200." time="0.024"/>
<testcase classname="GET /login" name="shoud response text with responceCode200." time="0.04"/>
<testcase classname="GET /loginerr" name="shoud response text with responceCode200." time="0.027"/>
<testcase classname="POST /logout" name="shoud response text with responceCode200." time="0.037"/>
<testcase classname="GET /ref" name="shoud response text with responceCode200." time="0.021"/>
<testcase classname="GET /refend" name="shoud response text with responceCode200." time="0.045"/>
<testcase classname="GET /referr1" name="shoud response text with responceCode200." time="0.018"/>
<testcase classname="GET /referr2" name="shoud response text with responceCode200." time="2.002"><failure>Timeout of 2000ms exceeded. For async tests and hooks, ensure &#x22;done()&#x22; is called; if returning a Promise, ensure it resolves.
Error: Timeout of 2000ms exceeded. For async tests and hooks, ensure &#x22;done()&#x22; is called; if returning a Promise, ensure it resolves.</failure></testcase>
<testcase classname="GET /refreq" name="shoud response text with responceCode200." time="0.066"/>
</testsuite>
