<testsuite name="Mocha Tests" tests="21" failures="0" errors="0" skipped="0" timestamp="Thu, 24 Jan 2019 07:52:09 GMT" time="1.415">
<testcase classname="POST /add" name="shoud response text with responceCode200." time="0.612"/>
<testcase classname="GET /addend" name="shoud response text with responceCode200." time="0.069"/>
<testcase classname="GET /adderr" name="shoud response text with responceCode200." time="0.051"/>
<testcase classname="POST /addreq" name="shoud response text with responceCode200." time="0.088"/>
<testcase classname="POST /authenticate" name="shoud response text with responceCode200." time="0.076"/>
<testcase classname="POST /del" name="shoud response text with responceCode200." time="0.067"/>
<testcase classname="GET /delend" name="shoud response text with responceCode200." time="0.057"/>
<testcase classname="GET /delerr1" name="shoud response text with responceCode200." time="0.03"/>
<testcase classname="GET /delerr2" name="shoud response text with responceCode200." time="0.02"/>
<testcase classname="GET /delerr3" name="shoud response text with responceCode200." time="0.034"/>
<testcase classname="POST /delreq" name="shoud response text with responceCode200." time="0.021"/>
<testcase classname="GET /home" name="shoud response text with responceCode200." time="0.029"/>
<testcase classname="GET /" name="shoud response text with responceCode200." time="0.048"/>
<testcase classname="GET /login" name="shoud response text with responceCode200." time="0.026"/>
<testcase classname="GET /loginerr" name="shoud response text with responceCode200." time="0.04"/>
<testcase classname="POST /logout" name="shoud response text with responceCode200." time="0.022"/>
<testcase classname="GET /ref" name="shoud response text with responceCode200." time="0.023"/>
<testcase classname="GET /refend" name="shoud response text with responceCode200." time="0.02"/>
<testcase classname="GET /referr1" name="shoud response text with responceCode200." time="0.019"/>
<testcase classname="GET /referr2" name="shoud response text with responceCode200." time="0.034"/>
<testcase classname="GET /refreq" name="shoud response text with responceCode200." time="0.013"/>
</testsuite>
