<testsuite name="Mocha Tests" tests="18" failures="0" errors="0" skipped="0" timestamp="Wed, 23 Jan 2019 06:46:29 GMT" time="1.065">
<testcase classname="POST /add" name="shoud response text with responceCode200." time="0.358"/>
<testcase classname="GET /addend" name="shoud response text with responceCode200." time="0.073"/>
<testcase classname="GET /adderr" name="shoud response text with responceCode200." time="0.045"/>
<testcase classname="POST /addreq" name="shoud response text with responceCode200." time="0.061"/>
<testcase classname="POST /del" name="shoud response text with responceCode200." time="0.061"/>
<testcase classname="GET /delend" name="shoud response text with responceCode200." time="0.063"/>
<testcase classname="GET /delerr1" name="shoud response text with responceCode200." time="0.061"/>
<testcase classname="GET /delerr2" name="shoud response text with responceCode200." time="0.062"/>
<testcase classname="GET /delerr3" name="shoud response text with responceCode200." time="0.028"/>
<testcase classname="POST /delreq" name="shoud response text with responceCode200." time="0.029"/>
<testcase classname="GET /" name="shoud response text with responceCode200." time="0.027"/>
<testcase classname="POST /login" name="shoud response text with responceCode200." time="0.021"/>
<testcase classname="POST /logout" name="shoud response text with responceCode200." time="0.014"/>
<testcase classname="GET /ref" name="shoud response text with responceCode200." time="0.026"/>
<testcase classname="GET /refend" name="shoud response text with responceCode200." time="0.025"/>
<testcase classname="GET /referr1" name="shoud response text with responceCode200." time="0.034"/>
<testcase classname="GET /referr2" name="shoud response text with responceCode200." time="0.03"/>
<testcase classname="GET /refreq" name="shoud response text with responceCode200." time="0.023"/>
</testsuite>
